{
  "0 debug pnpm:scope": {
    "selected": 1,
    "workspacePrefix": "/Users/jefferyreynolds/Dev/late-stage"
  },
  "1 error pnpm": {
    "code": "ELIFECYCLE",
    "errno": "ENOENT",
    "syscall": "spawn",
    "file": "sh",
    "pkgid": "client@0.0.1",
    "stage": "dev",
    "script": "NODE_TLS_REJECT_UNAUTHORIZED=0 svelte-kit dev",
    "pkgname": "client",
    "err": {
      "name": "Error",
      "message": "client@0.0.1 dev: `NODE_TLS_REJECT_UNAUTHORIZED=0 svelte-kit dev`\nspawn ENOENT",
      "code": "ELIFECYCLE",
      "stack": "Error: client@0.0.1 dev: `NODE_TLS_REJECT_UNAUTHORIZED=0 svelte-kit dev`\nspawn ENOENT\n    at ChildProcess.<anonymous> (/Users/jefferyreynolds/pnpm-global/5/node_modules/.pnpm/pnpm@6.10.0/node_modules/pnpm/dist/pnpm.cjs:92481:22)\n    at ChildProcess.emit (node:events:394:28)\n    at maybeClose (node:internal/child_process:1067:16)\n    at Process.ChildProcess._handle.onexit (node:internal/child_process:301:5)"
    }
  }
}